<?xml version="1.0" encoding="UTF-8" ?>
<testsuite tests="8" failures="1" name="RegressionSuite.TestHomePage" time="3.756" errors="0" skipped="7">
  <properties>
[...]
</properties>
  <testcase classname="RegressionSuite.TestHomePage" name="setupDriver" time="0.462">
    <failure message="
Parameter &apos;platform&apos; is required by BeforeClass on method setupDriver but has not been marked @Optional or defined
" type="org.testng.TestNGException">org.testng.TestNGException: 
Parameter &apos;platform&apos; is required by BeforeClass on method setupDriver but has not been marked @Optional or defined
	at org.testng.internal.Parameters.createParams(Parameters.java:290)
	at org.testng.internal.Parameters.createParametersForMethod(Parameters.java:359)
	at org.testng.internal.Parameters.createParameters(Parameters.java:620)
	at org.testng.internal.Parameters.createConfigurationParameters(Parameters.java:190)
	at org.testng.internal.Invoker.invokeConfigurations(Invoker.java:209)
	at org.testng.internal.Invoker.invokeConfigurations(Invoker.java:142)
	at org.testng.internal.TestMethodWorker.invokeBeforeClassMethods(TestMethodWorker.java:168)
	at org.testng.internal.TestMethodWorker.run(TestMethodWorker.java:105)
	at org.testng.TestRunner.privateRun(TestRunner.java:648)
	at org.testng.TestRunner.run(TestRunner.java:505)
	at org.testng.SuiteRunner.runTest(SuiteRunner.java:455)
	at org.testng.SuiteRunner.runSequentially(SuiteRunner.java:450)
	at org.testng.SuiteRunner.privateRun(SuiteRunner.java:415)
	at org.testng.SuiteRunner.run(SuiteRunner.java:364)
	at org.testng.SuiteRunnerWorker.runSuite(SuiteRunnerWorker.java:52)
	at org.testng.SuiteRunnerWorker.run(SuiteRunnerWorker.java:84)
	at org.testng.TestNG.runSuitesSequentially(TestNG.java:1208)
	at org.testng.TestNG.runSuitesLocally(TestNG.java:1137)
	at org.testng.TestNG.runSuites(TestNG.java:1049)
	at org.testng.TestNG.run(TestNG.java:1017)
	at org.apache.maven.surefire.testng.TestNGExecutor.run(TestNGExecutor.java:77)
	at org.apache.maven.surefire.testng.TestNGDirectoryTestSuite.execute(TestNGDirectoryTestSuite.java:110)
	at org.apache.maven.surefire.testng.TestNGProvider.invoke(TestNGProvider.java:106)
	at sun.reflect.NativeMethodAccessorImpl.invoke0(Native Method)
	at sun.reflect.NativeMethodAccessorImpl.invoke(NativeMethodAccessorImpl.java:62)
	at sun.reflect.DelegatingMethodAccessorImpl.invoke(DelegatingMethodAccessorImpl.java:43)
	at java.lang.reflect.Method.invoke(Method.java:498)
	at org.apache.maven.surefire.util.ReflectionUtils.invokeMethodWithArray(ReflectionUtils.java:189)
	at org.apache.maven.surefire.booter.ProviderFactory$ProviderProxy.invoke(ProviderFactory.java:165)
	at org.apache.maven.surefire.booter.ProviderFactory.invokeProvider(ProviderFactory.java:85)
	at org.apache.maven.surefire.booter.ForkedBooter.runSuitesInProcess(ForkedBooter.java:115)
	at org.apache.maven.surefire.booter.ForkedBooter.main(ForkedBooter.java:75)
</failure>
    <system-out>Configuring TestNG with: org.apache.maven.surefire.testng.conf.TestNG652Configurator@4361bd48
Extent Report Directory/Users/mdriad/IdeaProjects/OurDream/alibaba/target/surefire-reports/html
</system-out>
    <system-err>May 18, 2019 5:05:05 PM com.relevantcodes.extentreports.ExtentReports loadConfig
WARNING: Unable to perform report configuration. The file /Users/mdriad/IdeaProjects/OurDream/alibaba/report-config.xml was not found.
</system-err>
  </testcase>
  <testcase classname="RegressionSuite.TestHomePage" name="init" time="0.463">
    <skipped/>
  </testcase>
  <testcase classname="RegressionSuite.TestHomePage" name="startExtent" time="0.468">
    <skipped/>
  </testcase>
  <testcase classname="RegressionSuite.TestHomePage" name="test" time="0.468">
    <skipped/>
  </testcase>
  <testcase classname="RegressionSuite.TestHomePage" name="recap" time="0.468">
    <skipped/>
  </testcase>
  <testcase classname="RegressionSuite.TestHomePage" name="afterEachTestMethod" time="0.468">
    <skipped/>
  </testcase>
  <testcase classname="RegressionSuite.TestHomePage" name="quitDriver" time="0.469">
    <skipped/>
  </testcase>
  <testcase classname="RegressionSuite.TestHomePage" name="generateReport" time="0.49">
    <skipped/>
  </testcase>
</testsuite>