<?xml version="1.0" encoding="UTF-8"?>
<testng-results skipped="0" failed="0" ignored="21" total="21" passed="0">
  <reporter-output>
    <line>
      <![CDATA[Extent Report Directory/Users/mdriad/IdeaProjects/OurDream/alibaba/target/surefire-reports/html]]>
    </line>
  </reporter-output>
  <suite name="RegressionSuite.TestHomePage" duration-ms="3" started-at="2019-05-22T02:00:20Z" finished-at="2019-05-22T02:00:20Z">
    <groups>
    </groups>
    <test name="Command line test" duration-ms="3" started-at="2019-05-22T02:00:20Z" finished-at="2019-05-22T02:00:20Z">
      <class name="RegressionSuite.TestHomePage">
        <test-method status="PASS" signature="extentSetup(org.testng.ITestContext)[pri:0, instance:RegressionSuite.TestHomePage@6be46e8f]" name="extentSetup" is-config="true" duration-ms="5117" started-at="2019-05-22T02:00:15Z" finished-at="2019-05-22T02:00:20Z">
          <params>
            <param index="0">
              <value>
                <![CDATA[org.testng.TestRunner@7219ec67]]>
              </value>
            </param>
          </params>
          <reporter-output>
            <line>
              <![CDATA[Extent Report Directory/Users/mdriad/IdeaProjects/OurDream/alibaba/target/surefire-reports/html]]>
            </line>
          </reporter-output>
        </test-method> <!-- extentSetup -->
        <test-method status="PASS" signature="generateReport()[pri:0, instance:RegressionSuite.TestHomePage@6be46e8f]" name="generateReport" is-config="true" duration-ms="139" started-at="2019-05-22T02:00:25Z" finished-at="2019-05-22T02:00:25Z">
          <reporter-output>
          </reporter-output>
        </test-method> <!-- generateReport -->
      </class> <!-- RegressionSuite.TestHomePage -->
    </test> <!-- Command line test -->
  </suite> <!-- RegressionSuite.TestHomePage -->
</testng-results>
