<?xml version="1.0" encoding="UTF-8"?>
<!-- Generated by org.testng.reporters.JUnitXMLReporter -->
<testsuite hostname="mds-MacBook-Pro.local" ignored="21" tests="0" failures="0" timestamp="22 May 2019 02:00:25 GMT" time="0.003" errors="0">
  <testcase name="service$member" time="0.0" classname="RegressionSuite.TestHomePage">
    <ignored/>
  </testcase> <!-- service$member -->
  <testcase name="kjshgkjl" time="0.0" classname="RegressionSuite.TestHomePage">
    <ignored/>
  </testcase> <!-- kjshgkjl -->
  <testcase name="clcik_on_Search" time="0.0" classname="RegressionSuite.TestHomePage">
    <ignored/>
  </testcase> <!-- clcik_on_Search -->
  <testcase name="click_supliers" time="0.0" classname="RegressionSuite.TestHomePage">
    <ignored/>
  </testcase> <!-- click_supliers -->
  <testcase name="sourchig_solution" time="0.0" classname="RegressionSuite.TestHomePage">
    <ignored/>
  </testcase> <!-- sourchig_solution -->
  <testcase name="test" time="0.0" classname="RegressionSuite.TestHomePage">
    <ignored/>
  </testcase> <!-- test -->
  <testcase name="getthe_app" time="0.0" classname="RegressionSuite.TestHomePage">
    <ignored/>
  </testcase> <!-- getthe_app -->
  <testcase name="catagories" time="0.0" classname="RegressionSuite.TestHomePage">
    <ignored/>
  </testcase> <!-- catagories -->
  <testcase name="click_tradeshow" time="0.0" classname="RegressionSuite.TestHomePage">
    <ignored/>
  </testcase> <!-- click_tradeshow -->
  <testcase name="search" time="0.0" classname="RegressionSuite.TestHomePage">
    <ignored/>
  </testcase> <!-- search -->
  <testcase name="click_apparel" time="0.0" classname="RegressionSuite.TestHomePage">
    <ignored/>
  </testcase> <!-- click_apparel -->
  <testcase name="current_url" time="0.0" classname="RegressionSuite.TestHomePage">
    <ignored/>
  </testcase> <!-- current_url -->
  <testcase name="catagories_mouseover" time="0.0" classname="RegressionSuite.TestHomePage">
    <ignored/>
  </testcase> <!-- catagories_mouseover -->
  <testcase name="english" time="0.0" classname="RegressionSuite.TestHomePage">
    <ignored/>
  </testcase> <!-- english -->
  <testcase name="sourching_solution_mouse" time="0.0" classname="RegressionSuite.TestHomePage">
    <ignored/>
  </testcase> <!-- sourching_solution_mouse -->
  <testcase name="select_class" time="0.0" classname="RegressionSuite.TestHomePage">
    <ignored/>
  </testcase> <!-- select_class -->
  <testcase name="help_community" time="0.0" classname="RegressionSuite.TestHomePage">
    <ignored/>
  </testcase> <!-- help_community -->
  <testcase name="test2" time="0.0" classname="RegressionSuite.TestHomePage">
    <ignored/>
  </testcase> <!-- test2 -->
  <testcase name="readyto_ship" time="0.0" classname="RegressionSuite.TestHomePage">
    <ignored/>
  </testcase> <!-- readyto_ship -->
  <testcase name="vehicles_accessories" time="0.0" classname="RegressionSuite.TestHomePage">
    <ignored/>
  </testcase> <!-- vehicles_accessories -->
  <testcase name="clickorder_protection" time="0.0" classname="RegressionSuite.TestHomePage">
    <ignored/>
  </testcase> <!-- clickorder_protection -->
</testsuite>
